# JRE version: 7.0_04-b21
# Java VM: Java HotSpot(TM) 64-Bit Server VM (23.0-b21 mixed mode bsd-amd64 compressed oops)
Heap
 PSYoungGen      total 148160K, used 44992K [0x00000007e8cb0000, 0x00000007f2c50000, 0x0000000800000000)
  eden space 139200K, 25% used [0x00000007e8cb0000,0x00000007eafe8068,0x00000007f14a0000)
  from space 8960K, 99% used [0x00000007f1f70000,0x00000007f2828040,0x00000007f2830000)
  to   space 11072K, 0% used [0x00000007f14a0000,0x00000007f14a0000,0x00000007f1f70000)
 ParOldGen       total 47552K, used 9669K [0x00000007ba600000, 0x00000007bd470000, 0x00000007e8cb0000)
  object space 47552K, 20% used [0x00000007ba600000,0x00000007baf71570,0x00000007bd470000)
 PSPermGen       total 21248K, used 15540K [0x00000007b5400000, 0x00000007b68c0000, 0x00000007ba600000)
  object space 21248K, 73% used [0x00000007b5400000,0x00000007b632d030,0x00000007b68c0000)
GC Heap History (10 events):
Event: 1.160 GC heap before
{Heap before GC invocations=4 (full 0):
 PSYoungGen      total 20800K, used 20775K [0x00000007e8cb0000, 0x00000007eb550000, 0x0000000800000000)
  eden space 17856K, 100% used [0x00000007e8cb0000,0x00000007e9e20000,0x00000007e9e20000)
  from space 2944K, 99% used [0x00000007e9e20000,0x00000007ea0f9c00,0x00000007ea100000)
  to   space 2944K, 0% used [0x00000007eb270000,0x00000007eb270000,0x00000007eb550000)
 ParOldGen       total 47552K, used 677K [0x00000007ba600000, 0x00000007bd470000, 0x00000007e8cb0000)
  object space 47552K, 1% used [0x00000007ba600000,0x00000007ba6a9618,0x00000007bd470000)
 PSPermGen       total 21248K, used 12258K [0x00000007b5400000, 0x00000007b68c0000, 0x00000007ba600000)
  object space 21248K, 57% used [0x00000007b5400000,0x00000007b5ff88c8,0x00000007b68c0000)
Event: 1.166 GC heap after
Heap after GC invocations=4 (full 0):
 PSYoungGen      total 38656K, used 2923K [0x00000007e8cb0000, 0x00000007eb550000, 0x0000000800000000)
  eden space 35712K, 0% used [0x00000007e8cb0000,0x00000007e8cb0000,0x00000007eaf90000)
  from space 2944K, 99% used [0x00000007eb270000,0x00000007eb54ad78,0x00000007eb550000)
  to   space 2944K, 0% used [0x00000007eaf90000,0x00000007eaf90000,0x00000007eb270000)
 ParOldGen       total 47552K, used 1901K [0x00000007ba600000, 0x00000007bd470000, 0x00000007e8cb0000)
  object space 47552K, 3% used [0x00000007ba600000,0x00000007ba7db540,0x00000007bd470000)
 PSPermGen       total 21248K, used 12258K [0x00000007b5400000, 0x00000007b68c0000, 0x00000007ba600000)
  object space 21248K, 57% used [0x00000007b5400000,0x00000007b5ff88c8,0x00000007b68c0000)
}
Event: 1.754 GC heap before
{Heap before GC invocations=5 (full 0):
 PSYoungGen      total 38656K, used 38635K [0x00000007e8cb0000, 0x00000007eb550000, 0x0000000800000000)
  eden space 35712K, 100% used [0x00000007e8cb0000,0x00000007eaf90000,0x00000007eaf90000)
  from space 2944K, 99% used [0x00000007eb270000,0x00000007eb54ad78,0x00000007eb550000)
  to   space 2944K, 0% used [0x00000007eaf90000,0x00000007eaf90000,0x00000007eb270000)
 ParOldGen       total 47552K, used 1901K [0x00000007ba600000, 0x00000007bd470000, 0x00000007e8cb0000)
  object space 47552K, 3% used [0x00000007ba600000,0x00000007ba7db540,0x00000007bd470000)
 PSPermGen       total 21248K, used 15244K [0x00000007b5400000, 0x00000007b68c0000, 0x00000007ba600000)
  object space 21248K, 71% used [0x00000007b5400000,0x00000007b62e31d8,0x00000007b68c0000)
Event: 1.762 GC heap after
Heap after GC invocations=5 (full 0):
 PSYoungGen      total 38656K, used 2922K [0x00000007e8cb0000, 0x00000007edd70000, 0x0000000800000000)
  eden space 35712K, 0% used [0x00000007e8cb0000,0x00000007e8cb0000,0x00000007eaf90000)
  from space 2944K, 99% used [0x00000007eaf90000,0x00000007eb26a930,0x00000007eb270000)
  to   space 5632K, 0% used [0x00000007ed7f0000,0x00000007ed7f0000,0x00000007edd70000)
 ParOldGen       total 47552K, used 4369K [0x00000007ba600000, 0x00000007bd470000, 0x00000007e8cb0000)
  object space 47552K, 9% used [0x00000007ba600000,0x00000007baa44610,0x00000007bd470000)
 PSPermGen       total 21248K, used 15244K [0x00000007b5400000, 0x00000007b68c0000, 0x00000007ba600000)
  object space 21248K, 71% used [0x00000007b5400000,0x00000007b62e31d8,0x00000007b68c0000)
}
Event: 2.084 GC heap before
{Heap before GC invocations=6 (full 0):
 PSYoungGen      total 38656K, used 38634K [0x00000007e8cb0000, 0x00000007edd70000, 0x0000000800000000)
  eden space 35712K, 100% used [0x00000007e8cb0000,0x00000007eaf90000,0x00000007eaf90000)
  from space 2944K, 99% used [0x00000007eaf90000,0x00000007eb26a930,0x00000007eb270000)
  to   space 5632K, 0% used [0x00000007ed7f0000,0x00000007ed7f0000,0x00000007edd70000)
 ParOldGen       total 47552K, used 4369K [0x00000007ba600000, 0x00000007bd470000, 0x00000007e8cb0000)
  object space 47552K, 9% used [0x00000007ba600000,0x00000007baa44610,0x00000007bd470000)
 PSPermGen       total 21248K, used 15530K [0x00000007b5400000, 0x00000007b68c0000, 0x00000007ba600000)
  object space 21248K, 73% used [0x00000007b5400000,0x00000007b632a8f8,0x00000007b68c0000)
Event: 2.091 GC heap after
Heap after GC invocations=6 (full 0):
 PSYoungGen      total 76288K, used 5524K [0x00000007e8cb0000, 0x00000007edef0000, 0x0000000800000000)
  eden space 70656K, 0% used [0x00000007e8cb0000,0x00000007e8cb0000,0x00000007ed1b0000)
  from space 5632K, 98% used [0x00000007ed7f0000,0x00000007edd55220,0x00000007edd70000)
  to   space 6400K, 0% used [0x00000007ed1b0000,0x00000007ed1b0000,0x00000007ed7f0000)
 ParOldGen       total 47552K, used 4377K [0x00000007ba600000, 0x00000007bd470000, 0x00000007e8cb0000)
  object space 47552K, 9% used [0x00000007ba600000,0x00000007baa46610,0x00000007bd470000)
 PSPermGen       total 21248K, used 15530K [0x00000007b5400000, 0x00000007b68c0000, 0x00000007ba600000)
  object space 21248K, 73% used [0x00000007b5400000,0x00000007b632a8f8,0x00000007b68c0000)
}
Event: 2.285 GC heap before
{Heap before GC invocations=7 (full 0):
 PSYoungGen      total 76288K, used 76180K [0x00000007e8cb0000, 0x00000007edef0000, 0x0000000800000000)
  eden space 70656K, 100% used [0x00000007e8cb0000,0x00000007ed1b0000,0x00000007ed1b0000)
  from space 5632K, 98% used [0x00000007ed7f0000,0x00000007edd55220,0x00000007edd70000)
  to   space 6400K, 0% used [0x00000007ed1b0000,0x00000007ed1b0000,0x00000007ed7f0000)
 ParOldGen       total 47552K, used 4377K [0x00000007ba600000, 0x00000007bd470000, 0x00000007e8cb0000)
  object space 47552K, 9% used [0x00000007ba600000,0x00000007baa46610,0x00000007bd470000)
 PSPermGen       total 21248K, used 15533K [0x00000007b5400000, 0x00000007b68c0000, 0x00000007ba600000)
  object space 21248K, 73% used [0x00000007b5400000,0x00000007b632b6d0,0x00000007b68c0000)
Event: 2.296 GC heap after
Heap after GC invocations=7 (full 0):
 PSYoungGen      total 77056K, used 6384K [0x00000007e8cb0000, 0x00000007f2830000, 0x0000000800000000)
  eden space 70656K, 0% used [0x00000007e8cb0000,0x00000007e8cb0000,0x00000007ed1b0000)
  from space 6400K, 99% used [0x00000007ed1b0000,0x00000007ed7ec020,0x00000007ed7f0000)
  to   space 8960K, 0% used [0x00000007f1f70000,0x00000007f1f70000,0x00000007f2830000)
 ParOldGen       total 47552K, used 7733K [0x00000007ba600000, 0x00000007bd470000, 0x00000007e8cb0000)
  object space 47552K, 16% used [0x00000007ba600000,0x00000007bad8d560,0x00000007bd470000)
 PSPermGen       total 21248K, used 15533K [0x00000007b5400000, 0x00000007b68c0000, 0x00000007ba600000)
  object space 21248K, 73% used [0x00000007b5400000,0x00000007b632b6d0,0x00000007b68c0000)
}
Event: 2.429 GC heap before
{Heap before GC invocations=8 (full 0):
 PSYoungGen      total 77056K, used 77040K [0x00000007e8cb0000, 0x00000007f2830000, 0x0000000800000000)
  eden space 70656K, 100% used [0x00000007e8cb0000,0x00000007ed1b0000,0x00000007ed1b0000)
  from space 6400K, 99% used [0x00000007ed1b0000,0x00000007ed7ec020,0x00000007ed7f0000)
  to   space 8960K, 0% used [0x00000007f1f70000,0x00000007f1f70000,0x00000007f2830000)
 ParOldGen       total 47552K, used 7733K [0x00000007ba600000, 0x00000007bd470000, 0x00000007e8cb0000)
  object space 47552K, 16% used [0x00000007ba600000,0x00000007bad8d560,0x00000007bd470000)
 PSPermGen       total 21248K, used 15540K [0x00000007b5400000, 0x00000007b68c0000, 0x00000007ba600000)
  object space 21248K, 73% used [0x00000007b5400000,0x00000007b632d030,0x00000007b68c0000)
Event: 2.441 GC heap after
Heap after GC invocations=8 (full 0):
 PSYoungGen      total 148160K, used 8928K [0x00000007e8cb0000, 0x00000007f2c50000, 0x0000000800000000)
  eden space 139200K, 0% used [0x00000007e8cb0000,0x00000007e8cb0000,0x00000007f14a0000)
  from space 8960K, 99% used [0x00000007f1f70000,0x00000007f2828040,0x00000007f2830000)
  to   space 11072K, 0% used [0x00000007f14a0000,0x00000007f14a0000,0x00000007f1f70000)
 ParOldGen       total 47552K, used 9669K [0x00000007ba600000, 0x00000007bd470000, 0x00000007e8cb0000)
  object space 47552K, 20% used [0x00000007ba600000,0x00000007baf71570,0x00000007bd470000)
 PSPermGen       total 21248K, used 15540K [0x00000007b5400000, 0x00000007b68c0000, 0x00000007ba600000)
  object space 21248K, 73% used [0x00000007b5400000,0x00000007b632d030,0x00000007b68c0000)
}

